<?xml version="1.0" encoding="UTF-8"?>
<!-- Generated by org.testng.reporters.JUnitReportReporter -->
<testsuite hostname="Naveen-732" failures="0" tests="1" name="scripts.Test1" time="7.410" errors="0" timestamp="16 Jun 2022 07:22:30 GMT" skipped="0">
  <testcase classname="scripts.Test1" name="titleTest" time="7.410"/>
</testsuite> <!-- scripts.Test1 -->
